\BOOKMARK [1][-]{section.1}{\376\377\225\356\230\230\221\315\217\360}{}% 1
\BOOKMARK [2][-]{subsection.1.1}{\376\377\225\356\230\230\200\314\146\157}{section.1}% 2
\BOOKMARK [2][-]{subsection.1.2}{\376\377\225\356\230\230\143\320\121\372}{section.1}% 3
\BOOKMARK [1][-]{section.2}{\376\377\225\356\230\230\122\006\147\220}{}% 4
\BOOKMARK [2][-]{subsection.2.1}{\376\377\225\356\230\230\116\000\166\204\122\006\147\220}{section.2}% 5
\BOOKMARK [2][-]{subsection.2.2}{\376\377\225\356\230\230\116\214\166\204\122\006\147\220}{section.2}% 6
\BOOKMARK [2][-]{subsection.2.3}{\376\377\225\356\230\230\116\011\166\204\122\006\147\220}{section.2}% 7
\BOOKMARK [2][-]{subsection.2.4}{\376\377\225\356\230\230\126\333\166\204\122\006\147\220}{section.2}% 8
\BOOKMARK [1][-]{section.3}{\376\377\152\041\127\213\120\107\213\276}{}% 9
\BOOKMARK [1][-]{section.4}{\376\377\173\046\123\367\213\364\146\016}{}% 10
\BOOKMARK [1][-]{section.5}{\376\377\225\356\230\230\116\000\166\204\136\372\152\041\116\016\154\102\211\343\377\010\121\154\137\017\116\016\136\372\152\041\220\350\122\006\210\114\145\207\173\200\116\313\377\011}{}% 11
\BOOKMARK [2][-]{subsection.5.1}{\376\377\145\160\133\146\121\154\137\017}{section.5}% 12
\BOOKMARK [2][-]{subsection.5.2}{\376\377\136\372\152\041\220\350\122\006\210\114\145\207\173\200\116\313}{section.5}% 13
\BOOKMARK [1][-]{section.6}{\376\377\225\356\230\230\116\214\166\204\136\372\152\041\116\016\154\102\211\343\377\010\116\244\123\311\137\025\165\050\116\016\126\376\210\150\143\222\162\110\173\200\116\313\377\011}{}% 14
\BOOKMARK [2][-]{subsection.6.1}{\376\377\116\244\123\311\137\025\165\050}{section.6}% 15
\BOOKMARK [3][-]{subsubsection.6.1.1}{\376\377\126\376\060\001\210\150\060\001\172\340\202\202\166\204\116\244\123\311\137\025\165\050}{subsection.6.1}% 16
\BOOKMARK [3][-]{subsubsection.6.1.2}{\376\377\123\302\200\003\145\207\163\056\166\204\116\244\123\311\137\025\165\050}{subsection.6.1}% 17
\BOOKMARK [2][-]{subsection.6.2}{\376\377\143\322\121\145\126\376\162\107}{section.6}% 18
\BOOKMARK [2][-]{subsection.6.3}{\376\377\143\322\121\145\210\150\150\074}{section.6}% 19
\BOOKMARK [1][-]{section.7}{\376\377\225\356\230\230\116\011\166\204\136\372\152\041\116\016\154\102\211\343\377\010\0002\0003\123\116\116\055\215\133\000B\230\230\225\356\230\230\0003\171\072\117\213\377\011}{}% 20
\BOOKMARK [2][-]{subsection.7.1}{\376\377\145\160\143\156\230\204\131\004\164\006}{section.7}% 21
\BOOKMARK [3][-]{subsubsection.7.1.1}{\376\377\145\160\143\156\156\005\155\027\116\016\162\171\137\201\177\026\170\001}{subsection.7.1}% 22
\BOOKMARK [3][-]{subsubsection.7.1.2}{\376\377\145\160\143\156\226\115\176\364}{subsection.7.1}% 23
\BOOKMARK [2][-]{subsection.7.2}{\376\377\134\255\126\336\137\122\116\016\145\057\143\001\124\021\221\317\147\072\126\336\137\122\166\204\122\240\147\103\136\163\127\107\230\204\155\113}{section.7}% 24
\BOOKMARK [3][-]{subsubsection.7.2.1}{\376\377\152\041\127\213\136\372\172\313}{subsection.7.2}% 25
\BOOKMARK [3][-]{subsubsection.7.2.2}{\376\377\152\041\127\213\154\102\211\343}{subsection.7.2}% 26
\BOOKMARK [3][-]{subsubsection.7.2.3}{\376\377\160\165\145\117\136\246\122\006\147\220}{subsection.7.2}% 27
\BOOKMARK [1][-]{section.8}{\376\377\152\041\127\213\213\304\116\367\124\214\145\071\217\333}{}% 28
\BOOKMARK [2][-]{subsection.8.1}{\376\377\152\041\127\213\117\030\160\271}{section.8}% 29
\BOOKMARK [2][-]{subsection.8.2}{\376\377\152\041\127\213\177\072\160\271}{section.8}% 30
\BOOKMARK [1][-]{section.9}{\376\377\123\302\200\003\145\207\163\056}{}% 31
\BOOKMARK [1][-]{appendix.A}{\376\377\226\104\137\125\377\032\121\163\225\056\116\343\170\001\133\236\163\260}{}% 32
\BOOKMARK [2][-]{subsection.A.1}{\376\377\143\317\217\360\140\047\176\337\213\241\122\006\147\220}{appendix.A}% 33
\BOOKMARK [2][-]{subsection.A.2}{\376\377\145\160\143\156\123\357\211\306\123\026\0001}{appendix.A}% 34
\BOOKMARK [2][-]{subsection.A.3}{\376\377\145\160\143\156\123\357\211\306\123\026\0002}{appendix.A}% 35
\BOOKMARK [2][-]{subsection.A.4}{\376\377\145\160\143\156\123\357\211\306\123\026\0003}{appendix.A}% 36
\BOOKMARK [1][-]{appendix.B}{\376\377\226\104\137\125\377\032\126\376\210\150\377\010\226\217\117\277\145\076\166\204\122\053\137\123\167\037\377\011}{}% 37
\BOOKMARK [1][-]{appendix.C}{\376\377\226\104\137\125\377\032\126\376\210\150\377\010\226\217\117\277\145\076\166\204\122\053\137\123\167\037\377\011}{}% 38
